   1               		.file	"main.c"
   2               	__SREG__ = 0x3f
   3               	__SP_H__ = 0x3e
   4               	__SP_L__ = 0x3d
   5               	__CCP__  = 0x34
   6               	__tmp_reg__ = 0
   7               	__zero_reg__ = 1
  15               	.Ltext0:
  16               	.global	main
  18               	main:
  19               	.LFB6:
  20               	.LM1:
  21 0000 CF93      		push r28
  22 0002 DF93      		push r29
  23               	/* prologue: function */
  24               	/* frame size = 0 */
  25               	.LM2:
  26 0004 8AB3      		in r24,58-32
  27 0006 8FEF      		ldi r24,lo8(-1)
  28 0008 8ABB      		out 58-32,r24
  29               	.LBB12:
  30               	.LBB13:
  31               	.LBB14:
  32               	.LBB15:
  33               	.LM3:
  34 000a C8EC      		ldi r28,lo8(200)
  35 000c D0E0      		ldi r29,hi8(200)
  36               	.L3:
  37               	.LBE15:
  38               	.LBE14:
  39               	.LBE13:
  40               	.LBE12:
  41               	.LM4:
  42 000e 0E94 0000 		call top_to_down
  43 0012 88E8      		ldi r24,lo8(5000)
  44 0014 93E1      		ldi r25,hi8(5000)
  45               	.LVL0:
  46               	.L2:
  47               	.LBB19:
  48               	.LBB18:
  49               	.LBB17:
  50               	.LBB16:
  51               	.LM5:
  52 0016 FE01      		movw r30,r28
  53               	.LVL1:
  54               	/* #APP */
  55               	 ;  105 "c:/winavr-20100110/lib/gcc/../../avr/include/util/delay_basic.h" 1
  56 0018 3197      		1: sbiw r30,1
  57 001a 01F4      		brne 1b
  58               	 ;  0 "" 2
  59               	/* #NOAPP */
  60               	.LBE16:
  61               	.LBE17:
  62               	.LM6:
  63 001c 0197      		sbiw r24,1
  64               	.LM7:
  65 001e 01F4      		brne .L2
  66               	.LBE18:
  67               	.LBE19:
  68               	.LM8:
  69 0020 0E94 0000 		call down_to_top
  70               	.LVL2:
  71 0024 00C0      		rjmp .L3
  72               	.LFE6:
  98               	.Letext0:
DEFINED SYMBOLS
                            *ABS*:00000000 main.c
C:\Users\Prio\AppData\Local\Temp/ccjl8tyg.s:2      *ABS*:0000003f __SREG__
C:\Users\Prio\AppData\Local\Temp/ccjl8tyg.s:3      *ABS*:0000003e __SP_H__
C:\Users\Prio\AppData\Local\Temp/ccjl8tyg.s:4      *ABS*:0000003d __SP_L__
C:\Users\Prio\AppData\Local\Temp/ccjl8tyg.s:5      *ABS*:00000034 __CCP__
C:\Users\Prio\AppData\Local\Temp/ccjl8tyg.s:6      *ABS*:00000000 __tmp_reg__
C:\Users\Prio\AppData\Local\Temp/ccjl8tyg.s:7      *ABS*:00000001 __zero_reg__
C:\Users\Prio\AppData\Local\Temp/ccjl8tyg.s:18     .text:00000000 main

UNDEFINED SYMBOLS
top_to_down
down_to_top
